<?xml version="1.0" encoding="UTF-8"?>
<!-- Generated by org.testng.reporters.JUnitReportReporter -->
<testsuite skipped="0" hostname="LAPTOP-FMR2F5AL" name="com.specflow.testcases.Login" tests="1" failures="0" timestamp="07 Feb 2021 10:56:19 GMT" time="17.303" errors="0">
  <testcase name="loginGmail" time="17.303" classname="com.specflow.testcases.Login"/>
</testsuite> <!-- com.specflow.testcases.Login -->
